2022-09-23 13:33:15 DEBUG InternalLoggerFactory:89 - Using Log4J as the default logging framework
  2022-09-23 13:33:15 DEBUG ResourceLeakDetector:129 - -Dio.netty.leakDetection.level: simple
  2022-09-23 13:33:15 DEBUG ResourceLeakDetector:130 - -Dio.netty.leakDetection.targetRecords: 4
  2022-09-23 13:33:15 DEBUG ResourceLeakDetectorFactory:196 - Loaded default ResourceLeakDetector: io.netty.util.ResourceLeakDetector@512d92b
  2022-09-23 13:33:15 DEBUG PlatformDependent0:495 - -Dio.netty.noUnsafe: false
  2022-09-23 13:33:15 DEBUG PlatformDependent0:998 - Java version: 17
  2022-09-23 13:33:15 DEBUG PlatformDependent0:136 - sun.misc.Unsafe.theUnsafe: available
  2022-09-23 13:33:15 DEBUG PlatformDependent0:160 - sun.misc.Unsafe.copyMemory: available
  2022-09-23 13:33:15 DEBUG PlatformDependent0:192 - sun.misc.Unsafe.storeFence: available
  2022-09-23 13:33:15 DEBUG PlatformDependent0:235 - java.nio.Buffer.address: available
  2022-09-23 13:33:15 DEBUG PlatformDependent0:316 - direct buffer constructor: unavailable
  java.lang.UnsupportedOperationException: Reflective setAccessible(true) disabled
	at io.netty.util.internal.ReflectionUtil.trySetAccessible(ReflectionUtil.java:31)
	at io.netty.util.internal.PlatformDependent0$5.run(PlatformDependent0.java:287)
	at java.base/java.security.AccessController.doPrivileged(AccessController.java:318)
	at io.netty.util.internal.PlatformDependent0.<clinit>(PlatformDependent0.java:281)
	at io.netty.util.internal.PlatformDependent.isAndroid(PlatformDependent.java:294)
	at io.netty.util.internal.PlatformDependent.<clinit>(PlatformDependent.java:88)
	at io.netty.util.HashedWheelTimer.<init>(HashedWheelTimer.java:114)
	at io.netty.util.HashedWheelTimer.<init>(HashedWheelTimer.java:251)
	at io.netty.util.HashedWheelTimer.<init>(HashedWheelTimer.java:224)
	at io.netty.util.HashedWheelTimer.<init>(HashedWheelTimer.java:203)
	at org.asynchttpclient.DefaultAsyncHttpClient.newNettyTimer(DefaultAsyncHttpClient.java:111)
	at org.asynchttpclient.DefaultAsyncHttpClient.<init>(DefaultAsyncHttpClient.java:90)
	at org.asynchttpclient.Dsl.asyncHttpClient(Dsl.java:32)
	at org.openqa.selenium.remote.http.netty.NettyClient.createHttpClient(NettyClient.java:93)
	at org.openqa.selenium.remote.http.netty.NettyClient.<clinit>(NettyClient.java:47)
	at org.openqa.selenium.remote.http.netty.NettyClient$Factory.createClient(NettyClient.java:134)
	at org.openqa.selenium.remote.HttpCommandExecutor.<init>(HttpCommandExecutor.java:107)
	at org.openqa.selenium.remote.HttpCommandExecutor.<init>(HttpCommandExecutor.java:94)
	at org.openqa.selenium.remote.HttpCommandExecutor.<init>(HttpCommandExecutor.java:85)
	at org.openqa.selenium.remote.service.DriverCommandExecutor.<init>(DriverCommandExecutor.java:80)
	at org.openqa.selenium.firefox.FirefoxDriver$FirefoxDriverCommandExecutor.<init>(FirefoxDriver.java:331)
	at org.openqa.selenium.firefox.FirefoxDriver.<init>(FirefoxDriver.java:98)
	at org.openqa.selenium.firefox.FirefoxDriver.<init>(FirefoxDriver.java:94)
	at com.qa.baseclass.Base.initializeDriver(Base.java:19)
	at com.qa.keywordengine.KeywordEngine.startExecution(KeywordEngine.java:70)
	at com.qa.tests.LoginTest.loginTest(LoginTest.java:19)
	at java.base/jdk.internal.reflect.NativeMethodAccessorImpl.invoke0(Native Method)
	at java.base/jdk.internal.reflect.NativeMethodAccessorImpl.invoke(NativeMethodAccessorImpl.java:77)
	at java.base/jdk.internal.reflect.DelegatingMethodAccessorImpl.invoke(DelegatingMethodAccessorImpl.java:43)
	at java.base/java.lang.reflect.Method.invoke(Method.java:568)
	at org.testng.internal.MethodInvocationHelper.invokeMethod(MethodInvocationHelper.java:133)
	at org.testng.internal.TestInvoker.invokeMethod(TestInvoker.java:598)
	at org.testng.internal.TestInvoker.invokeTestMethod(TestInvoker.java:173)
	at org.testng.internal.MethodRunner.runInSequence(MethodRunner.java:46)
	at org.testng.internal.TestInvoker$MethodInvocationAgent.invoke(TestInvoker.java:824)
	at org.testng.internal.TestInvoker.invokeTestMethods(TestInvoker.java:146)
	at org.testng.internal.TestMethodWorker.invokeTestMethods(TestMethodWorker.java:146)
	at org.testng.internal.TestMethodWorker.run(TestMethodWorker.java:128)
	at java.base/java.util.ArrayList.forEach(ArrayList.java:1511)
	at org.testng.TestRunner.privateRun(TestRunner.java:794)
	at org.testng.TestRunner.run(TestRunner.java:596)
	at org.testng.SuiteRunner.runTest(SuiteRunner.java:377)
	at org.testng.SuiteRunner.runSequentially(SuiteRunner.java:371)
	at org.testng.SuiteRunner.privateRun(SuiteRunner.java:332)
	at org.testng.SuiteRunner.run(SuiteRunner.java:276)
	at org.testng.SuiteRunnerWorker.runSuite(SuiteRunnerWorker.java:53)
	at org.testng.SuiteRunnerWorker.run(SuiteRunnerWorker.java:96)
	at org.testng.TestNG.runSuitesSequentially(TestNG.java:1212)
	at org.testng.TestNG.runSuitesLocally(TestNG.java:1134)
	at org.testng.TestNG.runSuites(TestNG.java:1063)
	at org.testng.TestNG.run(TestNG.java:1031)
	at org.testng.remote.AbstractRemoteTestNG.run(AbstractRemoteTestNG.java:115)
	at org.testng.remote.RemoteTestNG.initAndRun(RemoteTestNG.java:251)
	at org.testng.remote.RemoteTestNG.main(RemoteTestNG.java:77)
2022-09-23 13:33:15 DEBUG PlatformDependent0:384 - java.nio.Bits.unaligned: available, true
  2022-09-23 13:33:15 DEBUG PlatformDependent0:448 - jdk.internal.misc.Unsafe.allocateUninitializedArray(int): unavailable
  java.lang.IllegalAccessException: class io.netty.util.internal.PlatformDependent0$7 cannot access class jdk.internal.misc.Unsafe (in module java.base) because module java.base does not export jdk.internal.misc to unnamed module @7e32c033
	at java.base/jdk.internal.reflect.Reflection.newIllegalAccessException(Reflection.java:392)
	at java.base/java.lang.reflect.AccessibleObject.checkAccess(AccessibleObject.java:674)
	at java.base/java.lang.reflect.Method.invoke(Method.java:560)
	at io.netty.util.internal.PlatformDependent0$7.run(PlatformDependent0.java:409)
	at java.base/java.security.AccessController.doPrivileged(AccessController.java:318)
	at io.netty.util.internal.PlatformDependent0.<clinit>(PlatformDependent0.java:400)
	at io.netty.util.internal.PlatformDependent.isAndroid(PlatformDependent.java:294)
	at io.netty.util.internal.PlatformDependent.<clinit>(PlatformDependent.java:88)
	at io.netty.util.HashedWheelTimer.<init>(HashedWheelTimer.java:114)
	at io.netty.util.HashedWheelTimer.<init>(HashedWheelTimer.java:251)
	at io.netty.util.HashedWheelTimer.<init>(HashedWheelTimer.java:224)
	at io.netty.util.HashedWheelTimer.<init>(HashedWheelTimer.java:203)
	at org.asynchttpclient.DefaultAsyncHttpClient.newNettyTimer(DefaultAsyncHttpClient.java:111)
	at org.asynchttpclient.DefaultAsyncHttpClient.<init>(DefaultAsyncHttpClient.java:90)
	at org.asynchttpclient.Dsl.asyncHttpClient(Dsl.java:32)
	at org.openqa.selenium.remote.http.netty.NettyClient.createHttpClient(NettyClient.java:93)
	at org.openqa.selenium.remote.http.netty.NettyClient.<clinit>(NettyClient.java:47)
	at org.openqa.selenium.remote.http.netty.NettyClient$Factory.createClient(NettyClient.java:134)
	at org.openqa.selenium.remote.HttpCommandExecutor.<init>(HttpCommandExecutor.java:107)
	at org.openqa.selenium.remote.HttpCommandExecutor.<init>(HttpCommandExecutor.java:94)
	at org.openqa.selenium.remote.HttpCommandExecutor.<init>(HttpCommandExecutor.java:85)
	at org.openqa.selenium.remote.service.DriverCommandExecutor.<init>(DriverCommandExecutor.java:80)
	at org.openqa.selenium.firefox.FirefoxDriver$FirefoxDriverCommandExecutor.<init>(FirefoxDriver.java:331)
	at org.openqa.selenium.firefox.FirefoxDriver.<init>(FirefoxDriver.java:98)
	at org.openqa.selenium.firefox.FirefoxDriver.<init>(FirefoxDriver.java:94)
	at com.qa.baseclass.Base.initializeDriver(Base.java:19)
	at com.qa.keywordengine.KeywordEngine.startExecution(KeywordEngine.java:70)
	at com.qa.tests.LoginTest.loginTest(LoginTest.java:19)
	at java.base/jdk.internal.reflect.NativeMethodAccessorImpl.invoke0(Native Method)
	at java.base/jdk.internal.reflect.NativeMethodAccessorImpl.invoke(NativeMethodAccessorImpl.java:77)
	at java.base/jdk.internal.reflect.DelegatingMethodAccessorImpl.invoke(DelegatingMethodAccessorImpl.java:43)
	at java.base/java.lang.reflect.Method.invoke(Method.java:568)
	at org.testng.internal.MethodInvocationHelper.invokeMethod(MethodInvocationHelper.java:133)
	at org.testng.internal.TestInvoker.invokeMethod(TestInvoker.java:598)
	at org.testng.internal.TestInvoker.invokeTestMethod(TestInvoker.java:173)
	at org.testng.internal.MethodRunner.runInSequence(MethodRunner.java:46)
	at org.testng.internal.TestInvoker$MethodInvocationAgent.invoke(TestInvoker.java:824)
	at org.testng.internal.TestInvoker.invokeTestMethods(TestInvoker.java:146)
	at org.testng.internal.TestMethodWorker.invokeTestMethods(TestMethodWorker.java:146)
	at org.testng.internal.TestMethodWorker.run(TestMethodWorker.java:128)
	at java.base/java.util.ArrayList.forEach(ArrayList.java:1511)
	at org.testng.TestRunner.privateRun(TestRunner.java:794)
	at org.testng.TestRunner.run(TestRunner.java:596)
	at org.testng.SuiteRunner.runTest(SuiteRunner.java:377)
	at org.testng.SuiteRunner.runSequentially(SuiteRunner.java:371)
	at org.testng.SuiteRunner.privateRun(SuiteRunner.java:332)
	at org.testng.SuiteRunner.run(SuiteRunner.java:276)
	at org.testng.SuiteRunnerWorker.runSuite(SuiteRunnerWorker.java:53)
	at org.testng.SuiteRunnerWorker.run(SuiteRunnerWorker.java:96)
	at org.testng.TestNG.runSuitesSequentially(TestNG.java:1212)
	at org.testng.TestNG.runSuitesLocally(TestNG.java:1134)
	at org.testng.TestNG.runSuites(TestNG.java:1063)
	at org.testng.TestNG.run(TestNG.java:1031)
	at org.testng.remote.AbstractRemoteTestNG.run(AbstractRemoteTestNG.java:115)
	at org.testng.remote.RemoteTestNG.initAndRun(RemoteTestNG.java:251)
	at org.testng.remote.RemoteTestNG.main(RemoteTestNG.java:77)
2022-09-23 13:33:15 DEBUG PlatformDependent0:481 - java.nio.DirectByteBuffer.<init>(long, int): unavailable
  2022-09-23 13:33:15 DEBUG PlatformDependent:1120 - sun.misc.Unsafe: available
  2022-09-23 13:33:15 DEBUG PlatformDependent:1231 - maxDirectMemory: 2030043136 bytes (maybe)
  2022-09-23 13:33:15 DEBUG PlatformDependent:1250 - -Dio.netty.tmpdir: C:\Users\ranep\AppData\Local\Temp (java.io.tmpdir)
  2022-09-23 13:33:15 DEBUG PlatformDependent:1329 - -Dio.netty.bitMode: 64 (sun.arch.data.model)
  2022-09-23 13:33:15 DEBUG PlatformDependent:1080 - Platform: Windows
  2022-09-23 13:33:15 DEBUG PlatformDependent:178 - -Dio.netty.maxDirectMemory: -1 bytes
  2022-09-23 13:33:15 DEBUG PlatformDependent:185 - -Dio.netty.uninitializedArrayAllocationThreshold: -1
  2022-09-23 13:33:15 DEBUG CleanerJava9:71 - java.nio.ByteBuffer.cleaner(): available
  2022-09-23 13:33:15 DEBUG PlatformDependent:205 - -Dio.netty.noPreferDirect: false
  2022-09-23 13:33:15 DEBUG PlatformDependent:971 - org.jctools-core.MpscChunkedArrayQueue: available
  2022-09-23 13:33:15 DEBUG InternalThreadLocalMap:86 - -Dio.netty.threadLocalMap.stringBuilder.initialSize: 1024
  2022-09-23 13:33:15 DEBUG InternalThreadLocalMap:89 - -Dio.netty.threadLocalMap.stringBuilder.maxSize: 4096
  2022-09-23 13:33:15 DEBUG JdkSslContext:83 - Default protocols (JDK): [TLSv1.3, TLSv1.2] 
  2022-09-23 13:33:15 DEBUG JdkSslContext:84 - Default cipher suites (JDK): [TLS_ECDHE_ECDSA_WITH_AES_256_GCM_SHA384, TLS_ECDHE_ECDSA_WITH_AES_128_GCM_SHA256, TLS_ECDHE_RSA_WITH_AES_128_GCM_SHA256, TLS_ECDHE_RSA_WITH_AES_256_GCM_SHA384, TLS_ECDHE_RSA_WITH_AES_128_CBC_SHA, TLS_ECDHE_RSA_WITH_AES_256_CBC_SHA, TLS_RSA_WITH_AES_128_GCM_SHA256, TLS_RSA_WITH_AES_128_CBC_SHA, TLS_RSA_WITH_AES_256_CBC_SHA, TLS_AES_128_GCM_SHA256, TLS_AES_256_GCM_SHA384]
  2022-09-23 13:33:15 DEBUG MultithreadEventLoopGroup:44 - -Dio.netty.eventLoopThreads: 8
  2022-09-23 13:33:15 DEBUG NioEventLoop:109 - -Dio.netty.noKeySetOptimization: false
  2022-09-23 13:33:15 DEBUG NioEventLoop:110 - -Dio.netty.selectorAutoRebuildThreshold: 512
  2022-09-23 13:33:15 DEBUG NioEventLoop:263 - instrumented a special java.util.Set into: sun.nio.ch.WEPollSelectorImpl@5965844d
  2022-09-23 13:33:15 DEBUG NioEventLoop:263 - instrumented a special java.util.Set into: sun.nio.ch.WEPollSelectorImpl@dffa30b
  2022-09-23 13:33:15 DEBUG NioEventLoop:263 - instrumented a special java.util.Set into: sun.nio.ch.WEPollSelectorImpl@6d3c232f
  2022-09-23 13:33:15 DEBUG NioEventLoop:263 - instrumented a special java.util.Set into: sun.nio.ch.WEPollSelectorImpl@1bcf67e8
  2022-09-23 13:33:15 DEBUG NioEventLoop:263 - instrumented a special java.util.Set into: sun.nio.ch.WEPollSelectorImpl@53692008
  2022-09-23 13:33:15 DEBUG NioEventLoop:263 - instrumented a special java.util.Set into: sun.nio.ch.WEPollSelectorImpl@1bbae752
  2022-09-23 13:33:15 DEBUG NioEventLoop:263 - instrumented a special java.util.Set into: sun.nio.ch.WEPollSelectorImpl@5cf87cfd
  2022-09-23 13:33:15 DEBUG NioEventLoop:263 - instrumented a special java.util.Set into: sun.nio.ch.WEPollSelectorImpl@3a4ba480
  2022-09-23 13:33:15 DEBUG PooledByteBufAllocator:157 - -Dio.netty.allocator.numHeapArenas: 8
  2022-09-23 13:33:15 DEBUG PooledByteBufAllocator:158 - -Dio.netty.allocator.numDirectArenas: 8
  2022-09-23 13:33:15 DEBUG PooledByteBufAllocator:160 - -Dio.netty.allocator.pageSize: 8192
  2022-09-23 13:33:15 DEBUG PooledByteBufAllocator:165 - -Dio.netty.allocator.maxOrder: 9
  2022-09-23 13:33:15 DEBUG PooledByteBufAllocator:169 - -Dio.netty.allocator.chunkSize: 4194304
  2022-09-23 13:33:15 DEBUG PooledByteBufAllocator:170 - -Dio.netty.allocator.smallCacheSize: 256
  2022-09-23 13:33:15 DEBUG PooledByteBufAllocator:171 - -Dio.netty.allocator.normalCacheSize: 64
  2022-09-23 13:33:15 DEBUG PooledByteBufAllocator:172 - -Dio.netty.allocator.maxCachedBufferCapacity: 32768
  2022-09-23 13:33:15 DEBUG PooledByteBufAllocator:173 - -Dio.netty.allocator.cacheTrimInterval: 8192
  2022-09-23 13:33:15 DEBUG PooledByteBufAllocator:174 - -Dio.netty.allocator.cacheTrimIntervalMillis: 0
  2022-09-23 13:33:15 DEBUG PooledByteBufAllocator:175 - -Dio.netty.allocator.useCacheForAllThreads: false
  2022-09-23 13:33:15 DEBUG PooledByteBufAllocator:176 - -Dio.netty.allocator.maxCachedByteBuffersPerChunk: 1023
  2022-09-23 13:33:15 DEBUG ByteBufUtil:87 - -Dio.netty.allocator.type: pooled
  2022-09-23 13:33:15 DEBUG ByteBufUtil:96 - -Dio.netty.threadLocalDirectBufferSize: 0
  2022-09-23 13:33:15 DEBUG ByteBufUtil:99 - -Dio.netty.maxThreadLocalCharBufferSize: 16384
  2022-09-23 13:33:15 DEBUG DefaultChannelId:79 - -Dio.netty.processId: 111784 (auto-detected)
  2022-09-23 13:33:15 DEBUG NetUtil:136 - -Djava.net.preferIPv4Stack: false
  2022-09-23 13:33:15 DEBUG NetUtil:137 - -Djava.net.preferIPv6Addresses: false
  2022-09-23 13:33:15 DEBUG NetUtilInitializations:129 - Loopback interface: lo (Software Loopback Interface 1, 127.0.0.1)
  2022-09-23 13:33:15 DEBUG NetUtil:191 - Failed to get SOMAXCONN from sysctl and file \proc\sys\net\core\somaxconn. Default: 200
  2022-09-23 13:33:15 DEBUG DefaultChannelId:101 - -Dio.netty.machineId: 98:43:fa:ff:fe:7d:27:06 (auto-detected)
  2022-09-23 13:33:15 DEBUG AbstractByteBuf:63 - -Dio.netty.buffer.checkAccessible: true
  2022-09-23 13:33:15 DEBUG AbstractByteBuf:64 - -Dio.netty.buffer.checkBounds: true
  2022-09-23 13:33:15 DEBUG ResourceLeakDetectorFactory:196 - Loaded default ResourceLeakDetector: io.netty.util.ResourceLeakDetector@1a82c88a
  2022-09-23 13:33:15 DEBUG Recycler:85 - -Dio.netty.recycler.maxCapacityPerThread: 4096
  2022-09-23 13:33:15 DEBUG Recycler:86 - -Dio.netty.recycler.ratio: 8
  2022-09-23 13:33:15 DEBUG Recycler:87 - -Dio.netty.recycler.chunkSize: 32
  2022-09-23 13:33:15 DEBUG Recycler:88 - -Dio.netty.recycler.blocking: false
  2022-09-23 13:33:17 DEBUG Brotli:38 - brotli4j not in the classpath; Brotli support will be unavailable.
  